{"/Users/Greta/Desktop/express-jobly/app.js": {"path":"/Users/Greta/Desktop/express-jobly/app.js","statementMap":{"0":{"start":{"line":5,"column":16},"end":{"line":5,"column":34}},"1":{"start":{"line":6,"column":13},"end":{"line":6,"column":28}},"2":{"start":{"line":8,"column":26},"end":{"line":8,"column":51}},"3":{"start":{"line":10,"column":28},"end":{"line":10,"column":56}},"4":{"start":{"line":11,"column":19},"end":{"line":11,"column":43}},"5":{"start":{"line":12,"column":24},"end":{"line":12,"column":53}},"6":{"start":{"line":13,"column":20},"end":{"line":13,"column":45}},"7":{"start":{"line":14,"column":19},"end":{"line":14,"column":43}},"8":{"start":{"line":16,"column":15},"end":{"line":16,"column":32}},"9":{"start":{"line":18,"column":12},"end":{"line":18,"column":21}},"10":{"start":{"line":20,"column":0},"end":{"line":20,"column":16}},"11":{"start":{"line":21,"column":0},"end":{"line":21,"column":24}},"12":{"start":{"line":22,"column":0},"end":{"line":22,"column":24}},"13":{"start":{"line":23,"column":0},"end":{"line":23,"column":25}},"14":{"start":{"line":25,"column":0},"end":{"line":25,"column":29}},"15":{"start":{"line":26,"column":0},"end":{"line":26,"column":39}},"16":{"start":{"line":27,"column":0},"end":{"line":27,"column":31}},"17":{"start":{"line":28,"column":0},"end":{"line":28,"column":29}},"18":{"start":{"line":32,"column":0},"end":{"line":34,"column":3}},"19":{"start":{"line":33,"column":2},"end":{"line":33,"column":35}},"20":{"start":{"line":37,"column":0},"end":{"line":45,"column":3}},"21":{"start":{"line":38,"column":2},"end":{"line":38,"column":64}},"22":{"start":{"line":38,"column":39},"end":{"line":38,"column":64}},"23":{"start":{"line":39,"column":17},"end":{"line":39,"column":34}},"24":{"start":{"line":40,"column":18},"end":{"line":40,"column":29}},"25":{"start":{"line":42,"column":2},"end":{"line":44,"column":5}},"26":{"start":{"line":47,"column":0},"end":{"line":47,"column":21}}},"fnMap":{"0":{"name":"(anonymous_0)","decl":{"start":{"line":32,"column":8},"end":{"line":32,"column":9}},"loc":{"start":{"line":32,"column":34},"end":{"line":34,"column":1}},"line":32},"1":{"name":"(anonymous_1)","decl":{"start":{"line":37,"column":8},"end":{"line":37,"column":9}},"loc":{"start":{"line":37,"column":39},"end":{"line":45,"column":1}},"line":37}},"branchMap":{"0":{"loc":{"start":{"line":38,"column":2},"end":{"line":38,"column":64}},"type":"if","locations":[{"start":{"line":38,"column":2},"end":{"line":38,"column":64}},{"start":{},"end":{}}],"line":38},"1":{"loc":{"start":{"line":39,"column":17},"end":{"line":39,"column":34}},"type":"binary-expr","locations":[{"start":{"line":39,"column":17},"end":{"line":39,"column":27}},{"start":{"line":39,"column":31},"end":{"line":39,"column":34}}],"line":39}},"s":{"0":5,"1":5,"2":5,"3":5,"4":5,"5":5,"6":5,"7":5,"8":5,"9":5,"10":5,"11":5,"12":5,"13":5,"14":5,"15":5,"16":5,"17":5,"18":5,"19":2,"20":5,"21":40,"22":1,"23":40,"24":40,"25":40,"26":5},"f":{"0":2,"1":40},"b":{"0":[1,39],"1":[40,2]},"_coverageSchema":"1a1c01bbd47fc00a2c39e90264f33305004495a9","hash":"315613d10b79ee93e10e751c6890db47e96218fb"}
,"/Users/Greta/Desktop/express-jobly/config.js": {"path":"/Users/Greta/Desktop/express-jobly/config.js","statementMap":{"0":{"start":{"line":5,"column":0},"end":{"line":5,"column":27}},"1":{"start":{"line":6,"column":0},"end":{"line":6,"column":18}},"2":{"start":{"line":8,"column":19},"end":{"line":8,"column":57}},"3":{"start":{"line":10,"column":13},"end":{"line":10,"column":38}},"4":{"start":{"line":14,"column":2},"end":{"line":16,"column":44}},"5":{"start":{"line":22,"column":27},"end":{"line":22,"column":67}},"6":{"start":{"line":24,"column":0},"end":{"line":24,"column":35}},"7":{"start":{"line":25,"column":0},"end":{"line":25,"column":46}},"8":{"start":{"line":26,"column":0},"end":{"line":26,"column":45}},"9":{"start":{"line":27,"column":0},"end":{"line":27,"column":61}},"10":{"start":{"line":28,"column":0},"end":{"line":28,"column":50}},"11":{"start":{"line":29,"column":0},"end":{"line":29,"column":19}},"12":{"start":{"line":31,"column":0},"end":{"line":36,"column":2}}},"fnMap":{"0":{"name":"getDatabaseUri","decl":{"start":{"line":13,"column":9},"end":{"line":13,"column":23}},"loc":{"start":{"line":13,"column":26},"end":{"line":17,"column":1}},"line":13}},"branchMap":{"0":{"loc":{"start":{"line":8,"column":19},"end":{"line":8,"column":57}},"type":"binary-expr","locations":[{"start":{"line":8,"column":19},"end":{"line":8,"column":41}},{"start":{"line":8,"column":45},"end":{"line":8,"column":57}}],"line":8},"1":{"loc":{"start":{"line":10,"column":13},"end":{"line":10,"column":38}},"type":"binary-expr","locations":[{"start":{"line":10,"column":13},"end":{"line":10,"column":30}},{"start":{"line":10,"column":34},"end":{"line":10,"column":38}}],"line":10},"2":{"loc":{"start":{"line":14,"column":9},"end":{"line":16,"column":43}},"type":"cond-expr","locations":[{"start":{"line":15,"column":8},"end":{"line":15,"column":20}},{"start":{"line":16,"column":8},"end":{"line":16,"column":43}}],"line":14},"3":{"loc":{"start":{"line":16,"column":8},"end":{"line":16,"column":43}},"type":"binary-expr","locations":[{"start":{"line":16,"column":8},"end":{"line":16,"column":32}},{"start":{"line":16,"column":36},"end":{"line":16,"column":43}}],"line":16},"4":{"loc":{"start":{"line":22,"column":27},"end":{"line":22,"column":67}},"type":"cond-expr","locations":[{"start":{"line":22,"column":61},"end":{"line":22,"column":62}},{"start":{"line":22,"column":65},"end":{"line":22,"column":67}}],"line":22}},"s":{"0":11,"1":11,"2":11,"3":11,"4":22,"5":11,"6":11,"7":11,"8":11,"9":11,"10":11,"11":11,"12":11},"f":{"0":22},"b":{"0":[11,10],"1":[11,10],"2":[19,3],"3":[3,1],"4":[10,1]},"_coverageSchema":"1a1c01bbd47fc00a2c39e90264f33305004495a9","hash":"5d8af81993cf4d879f9bf5605212e6c83e8c954e"}
,"/Users/Greta/Desktop/express-jobly/db.js": {"path":"/Users/Greta/Desktop/express-jobly/db.js","statementMap":{"0":{"start":{"line":3,"column":19},"end":{"line":3,"column":32}},"1":{"start":{"line":4,"column":27},"end":{"line":4,"column":46}},"2":{"start":{"line":8,"column":0},"end":{"line":19,"column":1}},"3":{"start":{"line":9,"column":2},"end":{"line":14,"column":5}},"4":{"start":{"line":16,"column":2},"end":{"line":18,"column":5}},"5":{"start":{"line":21,"column":0},"end":{"line":21,"column":13}},"6":{"start":{"line":23,"column":0},"end":{"line":23,"column":20}}},"fnMap":{},"branchMap":{"0":{"loc":{"start":{"line":8,"column":0},"end":{"line":19,"column":1}},"type":"if","locations":[{"start":{"line":8,"column":0},"end":{"line":19,"column":1}},{"start":{"line":15,"column":7},"end":{"line":19,"column":1}}],"line":8}},"s":{"0":8,"1":8,"2":8,"3":0,"4":8,"5":8,"6":8},"f":{},"b":{"0":[0,8]},"_coverageSchema":"1a1c01bbd47fc00a2c39e90264f33305004495a9","hash":"d60789d185330f657d856b35591e5c77627409f6"}
,"/Users/Greta/Desktop/express-jobly/expressError.js": {"path":"/Users/Greta/Desktop/express-jobly/expressError.js","statementMap":{"0":{"start":{"line":9,"column":4},"end":{"line":9,"column":12}},"1":{"start":{"line":10,"column":4},"end":{"line":10,"column":27}},"2":{"start":{"line":11,"column":4},"end":{"line":11,"column":25}},"3":{"start":{"line":19,"column":4},"end":{"line":19,"column":24}},"4":{"start":{"line":27,"column":4},"end":{"line":27,"column":24}},"5":{"start":{"line":35,"column":4},"end":{"line":35,"column":24}},"6":{"start":{"line":43,"column":4},"end":{"line":43,"column":24}},"7":{"start":{"line":47,"column":0},"end":{"line":53,"column":2}}},"fnMap":{"0":{"name":"(anonymous_0)","decl":{"start":{"line":8,"column":2},"end":{"line":8,"column":3}},"loc":{"start":{"line":8,"column":31},"end":{"line":12,"column":3}},"line":8},"1":{"name":"(anonymous_1)","decl":{"start":{"line":18,"column":2},"end":{"line":18,"column":3}},"loc":{"start":{"line":18,"column":37},"end":{"line":20,"column":3}},"line":18},"2":{"name":"(anonymous_2)","decl":{"start":{"line":26,"column":2},"end":{"line":26,"column":3}},"loc":{"start":{"line":26,"column":40},"end":{"line":28,"column":3}},"line":26},"3":{"name":"(anonymous_3)","decl":{"start":{"line":34,"column":2},"end":{"line":34,"column":3}},"loc":{"start":{"line":34,"column":39},"end":{"line":36,"column":3}},"line":34},"4":{"name":"(anonymous_4)","decl":{"start":{"line":42,"column":2},"end":{"line":42,"column":3}},"loc":{"start":{"line":42,"column":39},"end":{"line":44,"column":3}},"line":42}},"branchMap":{"0":{"loc":{"start":{"line":18,"column":14},"end":{"line":18,"column":35}},"type":"default-arg","locations":[{"start":{"line":18,"column":24},"end":{"line":18,"column":35}}],"line":18},"1":{"loc":{"start":{"line":26,"column":14},"end":{"line":26,"column":38}},"type":"default-arg","locations":[{"start":{"line":26,"column":24},"end":{"line":26,"column":38}}],"line":26},"2":{"loc":{"start":{"line":34,"column":14},"end":{"line":34,"column":37}},"type":"default-arg","locations":[{"start":{"line":34,"column":24},"end":{"line":34,"column":37}}],"line":34},"3":{"loc":{"start":{"line":42,"column":14},"end":{"line":42,"column":37}},"type":"default-arg","locations":[{"start":{"line":42,"column":24},"end":{"line":42,"column":37}}],"line":42}},"s":{"0":55,"1":55,"2":55,"3":19,"4":18,"5":18,"6":0,"7":10},"f":{"0":55,"1":19,"2":18,"3":18,"4":0},"b":{"0":[2],"1":[14],"2":[0],"3":[0]},"_coverageSchema":"1a1c01bbd47fc00a2c39e90264f33305004495a9","hash":"e30181c6b16b9646e39b1798014dd0354925985d"}
,"/Users/Greta/Desktop/express-jobly/helpers/sql.js": {"path":"/Users/Greta/Desktop/express-jobly/helpers/sql.js","statementMap":{"0":{"start":{"line":1,"column":28},"end":{"line":1,"column":54}},"1":{"start":{"line":11,"column":15},"end":{"line":11,"column":40}},"2":{"start":{"line":13,"column":2},"end":{"line":13,"column":62}},"3":{"start":{"line":13,"column":25},"end":{"line":13,"column":62}},"4":{"start":{"line":17,"column":15},"end":{"line":19,"column":3}},"5":{"start":{"line":18,"column":6},"end":{"line":18,"column":52}},"6":{"start":{"line":20,"column":2},"end":{"line":23,"column":4}},"7":{"start":{"line":26,"column":0},"end":{"line":26,"column":41}}},"fnMap":{"0":{"name":"sqlForPartialUpdate","decl":{"start":{"line":10,"column":9},"end":{"line":10,"column":28}},"loc":{"start":{"line":10,"column":52},"end":{"line":24,"column":1}},"line":10},"1":{"name":"(anonymous_1)","decl":{"start":{"line":17,"column":24},"end":{"line":17,"column":25}},"loc":{"start":{"line":18,"column":6},"end":{"line":18,"column":52}},"line":18}},"branchMap":{"0":{"loc":{"start":{"line":13,"column":2},"end":{"line":13,"column":62}},"type":"if","locations":[{"start":{"line":13,"column":2},"end":{"line":13,"column":62}},{"start":{},"end":{}}],"line":13},"1":{"loc":{"start":{"line":18,"column":10},"end":{"line":18,"column":37}},"type":"binary-expr","locations":[{"start":{"line":18,"column":10},"end":{"line":18,"column":26}},{"start":{"line":18,"column":30},"end":{"line":18,"column":37}}],"line":18}},"s":{"0":9,"1":19,"2":19,"3":3,"4":16,"5":31,"6":16,"7":9},"f":{"0":19,"1":31},"b":{"0":[3,16],"1":[31,17]},"_coverageSchema":"1a1c01bbd47fc00a2c39e90264f33305004495a9","hash":"50491b4e2ee6239872f738bfac9b57b5da14589b"}
,"/Users/Greta/Desktop/express-jobly/helpers/tokens.js": {"path":"/Users/Greta/Desktop/express-jobly/helpers/tokens.js","statementMap":{"0":{"start":{"line":1,"column":12},"end":{"line":1,"column":35}},"1":{"start":{"line":2,"column":23},"end":{"line":2,"column":43}},"2":{"start":{"line":7,"column":2},"end":{"line":8,"column":58}},"3":{"start":{"line":10,"column":16},"end":{"line":13,"column":3}},"4":{"start":{"line":15,"column":2},"end":{"line":15,"column":39}},"5":{"start":{"line":18,"column":0},"end":{"line":18,"column":33}}},"fnMap":{"0":{"name":"createToken","decl":{"start":{"line":6,"column":9},"end":{"line":6,"column":20}},"loc":{"start":{"line":6,"column":27},"end":{"line":16,"column":1}},"line":6}},"branchMap":{"0":{"loc":{"start":{"line":12,"column":13},"end":{"line":12,"column":34}},"type":"binary-expr","locations":[{"start":{"line":12,"column":13},"end":{"line":12,"column":25}},{"start":{"line":12,"column":29},"end":{"line":12,"column":34}}],"line":12}},"s":{"0":6,"1":6,"2":19,"3":19,"4":19,"5":6},"f":{"0":19},"b":{"0":[19,13]},"_coverageSchema":"1a1c01bbd47fc00a2c39e90264f33305004495a9","hash":"f465cba7c72ed64200b991beecf558b2195360ce"}
,"/Users/Greta/Desktop/express-jobly/middleware/auth.js": {"path":"/Users/Greta/Desktop/express-jobly/middleware/auth.js","statementMap":{"0":{"start":{"line":5,"column":12},"end":{"line":5,"column":35}},"1":{"start":{"line":6,"column":23},"end":{"line":6,"column":43}},"2":{"start":{"line":7,"column":30},"end":{"line":7,"column":56}},"3":{"start":{"line":19,"column":2},"end":{"line":30,"column":3}},"4":{"start":{"line":20,"column":23},"end":{"line":20,"column":63}},"5":{"start":{"line":21,"column":4},"end":{"line":21,"column":48}},"6":{"start":{"line":22,"column":4},"end":{"line":22,"column":43}},"7":{"start":{"line":23,"column":4},"end":{"line":26,"column":5}},"8":{"start":{"line":24,"column":20},"end":{"line":24,"column":64}},"9":{"start":{"line":25,"column":6},"end":{"line":25,"column":54}},"10":{"start":{"line":27,"column":4},"end":{"line":27,"column":18}},"11":{"start":{"line":29,"column":4},"end":{"line":29,"column":18}},"12":{"start":{"line":39,"column":2},"end":{"line":47,"column":3}},"13":{"start":{"line":40,"column":4},"end":{"line":40,"column":42}},"14":{"start":{"line":41,"column":4},"end":{"line":41,"column":43}},"15":{"start":{"line":42,"column":4},"end":{"line":42,"column":48}},"16":{"start":{"line":43,"column":4},"end":{"line":43,"column":56}},"17":{"start":{"line":43,"column":26},"end":{"line":43,"column":56}},"18":{"start":{"line":44,"column":4},"end":{"line":44,"column":18}},"19":{"start":{"line":46,"column":4},"end":{"line":46,"column":21}},"20":{"start":{"line":53,"column":2},"end":{"line":60,"column":3}},"21":{"start":{"line":54,"column":4},"end":{"line":56,"column":5}},"22":{"start":{"line":55,"column":6},"end":{"line":55,"column":36}},"23":{"start":{"line":57,"column":4},"end":{"line":57,"column":18}},"24":{"start":{"line":59,"column":4},"end":{"line":59,"column":21}},"25":{"start":{"line":65,"column":2},"end":{"line":73,"column":3}},"26":{"start":{"line":66,"column":17},"end":{"line":66,"column":32}},"27":{"start":{"line":67,"column":4},"end":{"line":69,"column":5}},"28":{"start":{"line":68,"column":6},"end":{"line":68,"column":36}},"29":{"start":{"line":70,"column":4},"end":{"line":70,"column":18}},"30":{"start":{"line":72,"column":4},"end":{"line":72,"column":21}},"31":{"start":{"line":77,"column":0},"end":{"line":82,"column":2}}},"fnMap":{"0":{"name":"authenticateJWT","decl":{"start":{"line":18,"column":9},"end":{"line":18,"column":24}},"loc":{"start":{"line":18,"column":41},"end":{"line":31,"column":1}},"line":18},"1":{"name":"ensureLoggedIn","decl":{"start":{"line":38,"column":9},"end":{"line":38,"column":23}},"loc":{"start":{"line":38,"column":40},"end":{"line":48,"column":1}},"line":38},"2":{"name":"adminOnly","decl":{"start":{"line":52,"column":9},"end":{"line":52,"column":18}},"loc":{"start":{"line":52,"column":35},"end":{"line":61,"column":1}},"line":52},"3":{"name":"specificUserOrAdmin","decl":{"start":{"line":64,"column":9},"end":{"line":64,"column":28}},"loc":{"start":{"line":64,"column":45},"end":{"line":74,"column":1}},"line":64}},"branchMap":{"0":{"loc":{"start":{"line":20,"column":23},"end":{"line":20,"column":63}},"type":"binary-expr","locations":[{"start":{"line":20,"column":23},"end":{"line":20,"column":34}},{"start":{"line":20,"column":38},"end":{"line":20,"column":63}}],"line":20},"1":{"loc":{"start":{"line":23,"column":4},"end":{"line":26,"column":5}},"type":"if","locations":[{"start":{"line":23,"column":4},"end":{"line":26,"column":5}},{"start":{},"end":{}}],"line":23},"2":{"loc":{"start":{"line":43,"column":4},"end":{"line":43,"column":56}},"type":"if","locations":[{"start":{"line":43,"column":4},"end":{"line":43,"column":56}},{"start":{},"end":{}}],"line":43},"3":{"loc":{"start":{"line":54,"column":4},"end":{"line":56,"column":5}},"type":"if","locations":[{"start":{"line":54,"column":4},"end":{"line":56,"column":5}},{"start":{},"end":{}}],"line":54},"4":{"loc":{"start":{"line":54,"column":8},"end":{"line":54,"column":52}},"type":"binary-expr","locations":[{"start":{"line":54,"column":8},"end":{"line":54,"column":24}},{"start":{"line":54,"column":28},"end":{"line":54,"column":52}}],"line":54},"5":{"loc":{"start":{"line":67,"column":4},"end":{"line":69,"column":5}},"type":"if","locations":[{"start":{"line":67,"column":4},"end":{"line":69,"column":5}},{"start":{},"end":{}}],"line":67},"6":{"loc":{"start":{"line":67,"column":10},"end":{"line":67,"column":73}},"type":"binary-expr","locations":[{"start":{"line":67,"column":10},"end":{"line":67,"column":14}},{"start":{"line":67,"column":19},"end":{"line":67,"column":31}},{"start":{"line":67,"column":35},"end":{"line":67,"column":72}}],"line":67}},"s":{"0":6,"1":6,"2":6,"3":68,"4":68,"5":68,"6":68,"7":68,"8":38,"9":38,"10":67,"11":1,"12":8,"13":8,"14":8,"15":8,"16":8,"17":3,"18":5,"19":3,"20":26,"21":26,"22":9,"23":17,"24":9,"25":10,"26":10,"27":10,"28":2,"29":8,"30":2,"31":6},"f":{"0":68,"1":8,"2":26,"3":10},"b":{"0":[68,67],"1":[38,30],"2":[3,5],"3":[9,17],"4":[26,23],"5":[2,8],"6":[10,8,5]},"_coverageSchema":"1a1c01bbd47fc00a2c39e90264f33305004495a9","hash":"74e2818511f375182074541e386c3bda7c6fb7f0"}
,"/Users/Greta/Desktop/express-jobly/models/_testCommon.js": {"path":"/Users/Greta/Desktop/express-jobly/models/_testCommon.js","statementMap":{"0":{"start":{"line":1,"column":15},"end":{"line":1,"column":32}},"1":{"start":{"line":3,"column":11},"end":{"line":3,"column":30}},"2":{"start":{"line":4,"column":31},"end":{"line":4,"column":51}},"3":{"start":{"line":5,"column":19},"end":{"line":5,"column":21}},"4":{"start":{"line":9,"column":2},"end":{"line":9,"column":42}},"5":{"start":{"line":11,"column":2},"end":{"line":11,"column":38}},"6":{"start":{"line":13,"column":2},"end":{"line":17,"column":55}},"7":{"start":{"line":19,"column":2},"end":{"line":31,"column":9}},"8":{"start":{"line":33,"column":22},"end":{"line":38,"column":20}},"9":{"start":{"line":39,"column":4},"end":{"line":39,"column":64}},"10":{"start":{"line":39,"column":57},"end":{"line":39,"column":61}},"11":{"start":{"line":43,"column":2},"end":{"line":43,"column":26}},"12":{"start":{"line":47,"column":2},"end":{"line":47,"column":29}},"13":{"start":{"line":51,"column":2},"end":{"line":51,"column":17}},"14":{"start":{"line":55,"column":0},"end":{"line":61,"column":2}}},"fnMap":{"0":{"name":"commonBeforeAll","decl":{"start":{"line":7,"column":15},"end":{"line":7,"column":30}},"loc":{"start":{"line":7,"column":33},"end":{"line":40,"column":1}},"line":7},"1":{"name":"(anonymous_1)","decl":{"start":{"line":39,"column":52},"end":{"line":39,"column":53}},"loc":{"start":{"line":39,"column":57},"end":{"line":39,"column":61}},"line":39},"2":{"name":"commonBeforeEach","decl":{"start":{"line":42,"column":15},"end":{"line":42,"column":31}},"loc":{"start":{"line":42,"column":34},"end":{"line":44,"column":1}},"line":42},"3":{"name":"commonAfterEach","decl":{"start":{"line":46,"column":15},"end":{"line":46,"column":30}},"loc":{"start":{"line":46,"column":33},"end":{"line":48,"column":1}},"line":46},"4":{"name":"commonAfterAll","decl":{"start":{"line":50,"column":15},"end":{"line":50,"column":29}},"loc":{"start":{"line":50,"column":32},"end":{"line":52,"column":1}},"line":50}},"branchMap":{},"s":{"0":3,"1":3,"2":3,"3":3,"4":3,"5":3,"6":3,"7":3,"8":3,"9":3,"10":9,"11":39,"12":39,"13":3,"14":3},"f":{"0":3,"1":9,"2":39,"3":39,"4":3},"b":{},"_coverageSchema":"1a1c01bbd47fc00a2c39e90264f33305004495a9","hash":"e11a5e037cf9458fd64a9c0d638152a5af31c2d4"}
,"/Users/Greta/Desktop/express-jobly/models/company.js": {"path":"/Users/Greta/Desktop/express-jobly/models/company.js","statementMap":{"0":{"start":{"line":3,"column":11},"end":{"line":3,"column":27}},"1":{"start":{"line":4,"column":43},"end":{"line":4,"column":69}},"2":{"start":{"line":5,"column":32},"end":{"line":5,"column":57}},"3":{"start":{"line":20,"column":27},"end":{"line":24,"column":17}},"4":{"start":{"line":26,"column":4},"end":{"line":27,"column":64}},"5":{"start":{"line":27,"column":6},"end":{"line":27,"column":64}},"6":{"start":{"line":29,"column":19},"end":{"line":41,"column":5}},"7":{"start":{"line":42,"column":20},"end":{"line":42,"column":34}},"8":{"start":{"line":44,"column":4},"end":{"line":44,"column":19}},"9":{"start":{"line":53,"column":16},"end":{"line":58,"column":32}},"10":{"start":{"line":59,"column":27},"end":{"line":59,"column":29}},"11":{"start":{"line":60,"column":22},"end":{"line":60,"column":24}},"12":{"start":{"line":62,"column":49},"end":{"line":62,"column":62}},"13":{"start":{"line":64,"column":4},"end":{"line":66,"column":5}},"14":{"start":{"line":65,"column":6},"end":{"line":65,"column":76}},"15":{"start":{"line":71,"column":4},"end":{"line":74,"column":5}},"16":{"start":{"line":72,"column":6},"end":{"line":72,"column":37}},"17":{"start":{"line":73,"column":6},"end":{"line":73,"column":71}},"18":{"start":{"line":76,"column":4},"end":{"line":79,"column":5}},"19":{"start":{"line":77,"column":6},"end":{"line":77,"column":37}},"20":{"start":{"line":78,"column":6},"end":{"line":78,"column":71}},"21":{"start":{"line":81,"column":4},"end":{"line":84,"column":5}},"22":{"start":{"line":82,"column":6},"end":{"line":82,"column":36}},"23":{"start":{"line":83,"column":6},"end":{"line":83,"column":65}},"24":{"start":{"line":86,"column":4},"end":{"line":88,"column":5}},"25":{"start":{"line":87,"column":6},"end":{"line":87,"column":58}},"26":{"start":{"line":92,"column":4},"end":{"line":92,"column":30}},"27":{"start":{"line":93,"column":25},"end":{"line":93,"column":59}},"28":{"start":{"line":94,"column":4},"end":{"line":94,"column":29}},"29":{"start":{"line":106,"column":23},"end":{"line":114,"column":17}},"30":{"start":{"line":116,"column":20},"end":{"line":116,"column":38}},"31":{"start":{"line":118,"column":4},"end":{"line":118,"column":67}},"32":{"start":{"line":118,"column":18},"end":{"line":118,"column":67}},"33":{"start":{"line":120,"column":4},"end":{"line":120,"column":19}},"34":{"start":{"line":136,"column":32},"end":{"line":141,"column":10}},"35":{"start":{"line":142,"column":25},"end":{"line":142,"column":50}},"36":{"start":{"line":144,"column":21},"end":{"line":151,"column":54}},"37":{"start":{"line":152,"column":19},"end":{"line":152,"column":64}},"38":{"start":{"line":153,"column":20},"end":{"line":153,"column":34}},"39":{"start":{"line":155,"column":4},"end":{"line":155,"column":67}},"40":{"start":{"line":155,"column":18},"end":{"line":155,"column":67}},"41":{"start":{"line":157,"column":4},"end":{"line":157,"column":19}},"42":{"start":{"line":166,"column":19},"end":{"line":171,"column":17}},"43":{"start":{"line":172,"column":20},"end":{"line":172,"column":34}},"44":{"start":{"line":174,"column":4},"end":{"line":174,"column":67}},"45":{"start":{"line":174,"column":18},"end":{"line":174,"column":67}},"46":{"start":{"line":179,"column":0},"end":{"line":179,"column":25}}},"fnMap":{"0":{"name":"(anonymous_0)","decl":{"start":{"line":19,"column":2},"end":{"line":19,"column":3}},"loc":{"start":{"line":19,"column":76},"end":{"line":45,"column":3}},"line":19},"1":{"name":"(anonymous_1)","decl":{"start":{"line":52,"column":3},"end":{"line":52,"column":4}},"loc":{"start":{"line":52,"column":44},"end":{"line":95,"column":3}},"line":52},"2":{"name":"(anonymous_2)","decl":{"start":{"line":105,"column":2},"end":{"line":105,"column":3}},"loc":{"start":{"line":105,"column":27},"end":{"line":121,"column":3}},"line":105},"3":{"name":"(anonymous_3)","decl":{"start":{"line":135,"column":2},"end":{"line":135,"column":3}},"loc":{"start":{"line":135,"column":36},"end":{"line":158,"column":3}},"line":135},"4":{"name":"(anonymous_4)","decl":{"start":{"line":165,"column":2},"end":{"line":165,"column":3}},"loc":{"start":{"line":165,"column":30},"end":{"line":175,"column":3}},"line":165}},"branchMap":{"0":{"loc":{"start":{"line":26,"column":4},"end":{"line":27,"column":64}},"type":"if","locations":[{"start":{"line":26,"column":4},"end":{"line":27,"column":64}},{"start":{},"end":{}}],"line":26},"1":{"loc":{"start":{"line":52,"column":24},"end":{"line":52,"column":42}},"type":"default-arg","locations":[{"start":{"line":52,"column":40},"end":{"line":52,"column":42}}],"line":52},"2":{"loc":{"start":{"line":64,"column":4},"end":{"line":66,"column":5}},"type":"if","locations":[{"start":{"line":64,"column":4},"end":{"line":66,"column":5}},{"start":{},"end":{}}],"line":64},"3":{"loc":{"start":{"line":71,"column":4},"end":{"line":74,"column":5}},"type":"if","locations":[{"start":{"line":71,"column":4},"end":{"line":74,"column":5}},{"start":{},"end":{}}],"line":71},"4":{"loc":{"start":{"line":76,"column":4},"end":{"line":79,"column":5}},"type":"if","locations":[{"start":{"line":76,"column":4},"end":{"line":79,"column":5}},{"start":{},"end":{}}],"line":76},"5":{"loc":{"start":{"line":81,"column":4},"end":{"line":84,"column":5}},"type":"if","locations":[{"start":{"line":81,"column":4},"end":{"line":84,"column":5}},{"start":{},"end":{}}],"line":81},"6":{"loc":{"start":{"line":86,"column":4},"end":{"line":88,"column":5}},"type":"if","locations":[{"start":{"line":86,"column":4},"end":{"line":88,"column":5}},{"start":{},"end":{}}],"line":86},"7":{"loc":{"start":{"line":118,"column":4},"end":{"line":118,"column":67}},"type":"if","locations":[{"start":{"line":118,"column":4},"end":{"line":118,"column":67}},{"start":{},"end":{}}],"line":118},"8":{"loc":{"start":{"line":155,"column":4},"end":{"line":155,"column":67}},"type":"if","locations":[{"start":{"line":155,"column":4},"end":{"line":155,"column":67}},{"start":{},"end":{}}],"line":155},"9":{"loc":{"start":{"line":174,"column":4},"end":{"line":174,"column":67}},"type":"if","locations":[{"start":{"line":174,"column":4},"end":{"line":174,"column":67}},{"start":{},"end":{}}],"line":174}},"s":{"0":6,"1":6,"2":6,"3":16,"4":16,"5":1,"6":15,"7":15,"8":15,"9":5,"10":5,"11":5,"12":5,"13":5,"14":0,"15":5,"16":2,"17":2,"18":5,"19":1,"20":1,"21":5,"22":1,"23":1,"24":5,"25":2,"26":5,"27":5,"28":4,"29":5,"30":5,"31":5,"32":2,"33":3,"34":6,"35":5,"36":5,"37":5,"38":5,"39":5,"40":2,"41":3,"42":4,"43":4,"44":4,"45":2,"46":6},"f":{"0":16,"1":5,"2":5,"3":6,"4":4},"b":{"0":[1,15],"1":[1],"2":[0,5],"3":[2,3],"4":[1,4],"5":[1,4],"6":[2,3],"7":[2,3],"8":[2,3],"9":[2,2]},"_coverageSchema":"1a1c01bbd47fc00a2c39e90264f33305004495a9","hash":"6d1ae0005a1683f5d7983458883c0464d9da4afa"}
,"/Users/Greta/Desktop/express-jobly/models/job.js": {"path":"/Users/Greta/Desktop/express-jobly/models/job.js","statementMap":{"0":{"start":{"line":3,"column":11},"end":{"line":3,"column":27}},"1":{"start":{"line":4,"column":25},"end":{"line":4,"column":51}},"2":{"start":{"line":5,"column":32},"end":{"line":5,"column":57}},"3":{"start":{"line":13,"column":19},"end":{"line":22,"column":10}},"4":{"start":{"line":23,"column":14},"end":{"line":23,"column":28}},"5":{"start":{"line":25,"column":4},"end":{"line":25,"column":15}},"6":{"start":{"line":32,"column":16},"end":{"line":36,"column":75}},"7":{"start":{"line":37,"column":22},"end":{"line":37,"column":24}},"8":{"start":{"line":38,"column":17},"end":{"line":38,"column":19}},"9":{"start":{"line":40,"column":44},"end":{"line":40,"column":57}},"10":{"start":{"line":44,"column":4},"end":{"line":47,"column":5}},"11":{"start":{"line":45,"column":6},"end":{"line":45,"column":29}},"12":{"start":{"line":46,"column":6},"end":{"line":46,"column":54}},"13":{"start":{"line":49,"column":4},"end":{"line":51,"column":5}},"14":{"start":{"line":50,"column":6},"end":{"line":50,"column":37}},"15":{"start":{"line":53,"column":4},"end":{"line":56,"column":5}},"16":{"start":{"line":54,"column":6},"end":{"line":54,"column":32}},"17":{"start":{"line":55,"column":6},"end":{"line":55,"column":56}},"18":{"start":{"line":58,"column":4},"end":{"line":60,"column":5}},"19":{"start":{"line":59,"column":6},"end":{"line":59,"column":53}},"20":{"start":{"line":64,"column":17},"end":{"line":64,"column":46}},"21":{"start":{"line":65,"column":4},"end":{"line":65,"column":21}},"22":{"start":{"line":71,"column":21},"end":{"line":75,"column":32}},"23":{"start":{"line":77,"column":16},"end":{"line":77,"column":32}},"24":{"start":{"line":79,"column":4},"end":{"line":79,"column":61}},"25":{"start":{"line":79,"column":14},"end":{"line":79,"column":61}},"26":{"start":{"line":81,"column":22},"end":{"line":86,"column":51}},"27":{"start":{"line":88,"column":4},"end":{"line":88,"column":29}},"28":{"start":{"line":89,"column":4},"end":{"line":89,"column":36}},"29":{"start":{"line":91,"column":4},"end":{"line":91,"column":15}},"30":{"start":{"line":98,"column":32},"end":{"line":98,"column":60}},"31":{"start":{"line":99,"column":20},"end":{"line":99,"column":45}},"32":{"start":{"line":101,"column":18},"end":{"line":105,"column":66}},"33":{"start":{"line":106,"column":19},"end":{"line":106,"column":57}},"34":{"start":{"line":107,"column":16},"end":{"line":107,"column":30}},"35":{"start":{"line":109,"column":4},"end":{"line":109,"column":61}},"36":{"start":{"line":109,"column":14},"end":{"line":109,"column":61}},"37":{"start":{"line":111,"column":4},"end":{"line":111,"column":15}},"38":{"start":{"line":117,"column":19},"end":{"line":121,"column":31}},"39":{"start":{"line":122,"column":16},"end":{"line":122,"column":30}},"40":{"start":{"line":124,"column":4},"end":{"line":124,"column":62}},"41":{"start":{"line":124,"column":14},"end":{"line":124,"column":62}},"42":{"start":{"line":128,"column":0},"end":{"line":128,"column":21}}},"fnMap":{"0":{"name":"(anonymous_0)","decl":{"start":{"line":12,"column":2},"end":{"line":12,"column":3}},"loc":{"start":{"line":12,"column":28},"end":{"line":26,"column":3}},"line":12},"1":{"name":"(anonymous_1)","decl":{"start":{"line":31,"column":2},"end":{"line":31,"column":3}},"loc":{"start":{"line":31,"column":43},"end":{"line":66,"column":3}},"line":31},"2":{"name":"(anonymous_2)","decl":{"start":{"line":70,"column":2},"end":{"line":70,"column":3}},"loc":{"start":{"line":70,"column":23},"end":{"line":92,"column":3}},"line":70},"3":{"name":"(anonymous_3)","decl":{"start":{"line":97,"column":2},"end":{"line":97,"column":3}},"loc":{"start":{"line":97,"column":32},"end":{"line":112,"column":3}},"line":97},"4":{"name":"(anonymous_4)","decl":{"start":{"line":116,"column":2},"end":{"line":116,"column":3}},"loc":{"start":{"line":116,"column":26},"end":{"line":125,"column":3}},"line":116}},"branchMap":{"0":{"loc":{"start":{"line":31,"column":23},"end":{"line":31,"column":41}},"type":"default-arg","locations":[{"start":{"line":31,"column":39},"end":{"line":31,"column":41}}],"line":31},"1":{"loc":{"start":{"line":44,"column":4},"end":{"line":47,"column":5}},"type":"if","locations":[{"start":{"line":44,"column":4},"end":{"line":47,"column":5}},{"start":{},"end":{}}],"line":44},"2":{"loc":{"start":{"line":49,"column":4},"end":{"line":51,"column":5}},"type":"if","locations":[{"start":{"line":49,"column":4},"end":{"line":51,"column":5}},{"start":{},"end":{}}],"line":49},"3":{"loc":{"start":{"line":53,"column":4},"end":{"line":56,"column":5}},"type":"if","locations":[{"start":{"line":53,"column":4},"end":{"line":56,"column":5}},{"start":{},"end":{}}],"line":53},"4":{"loc":{"start":{"line":58,"column":4},"end":{"line":60,"column":5}},"type":"if","locations":[{"start":{"line":58,"column":4},"end":{"line":60,"column":5}},{"start":{},"end":{}}],"line":58},"5":{"loc":{"start":{"line":79,"column":4},"end":{"line":79,"column":61}},"type":"if","locations":[{"start":{"line":79,"column":4},"end":{"line":79,"column":61}},{"start":{},"end":{}}],"line":79},"6":{"loc":{"start":{"line":109,"column":4},"end":{"line":109,"column":61}},"type":"if","locations":[{"start":{"line":109,"column":4},"end":{"line":109,"column":61}},{"start":{},"end":{}}],"line":109},"7":{"loc":{"start":{"line":124,"column":4},"end":{"line":124,"column":62}},"type":"if","locations":[{"start":{"line":124,"column":4},"end":{"line":124,"column":62}},{"start":{},"end":{}}],"line":124}},"s":{"0":6,"1":6,"2":6,"3":14,"4":14,"5":14,"6":8,"7":8,"8":8,"9":8,"10":8,"11":3,"12":3,"13":8,"14":3,"15":8,"16":2,"17":2,"18":8,"19":6,"20":8,"21":8,"22":4,"23":4,"24":4,"25":2,"26":2,"27":2,"28":2,"29":2,"30":4,"31":3,"32":3,"33":3,"34":3,"35":3,"36":1,"37":2,"38":3,"39":3,"40":3,"41":1,"42":6},"f":{"0":14,"1":8,"2":4,"3":4,"4":3},"b":{"0":[1],"1":[3,5],"2":[3,5],"3":[2,6],"4":[6,2],"5":[2,2],"6":[1,2],"7":[1,2]},"_coverageSchema":"1a1c01bbd47fc00a2c39e90264f33305004495a9","hash":"8c5b87133d1eca15136421888687cb06b1467010"}
,"/Users/Greta/Desktop/express-jobly/models/user.js": {"path":"/Users/Greta/Desktop/express-jobly/models/user.js","statementMap":{"0":{"start":{"line":3,"column":11},"end":{"line":3,"column":27}},"1":{"start":{"line":4,"column":15},"end":{"line":4,"column":32}},"2":{"start":{"line":5,"column":32},"end":{"line":5,"column":57}},"3":{"start":{"line":10,"column":4},"end":{"line":10,"column":30}},"4":{"start":{"line":12,"column":31},"end":{"line":12,"column":54}},"5":{"start":{"line":26,"column":19},"end":{"line":36,"column":5}},"6":{"start":{"line":38,"column":17},"end":{"line":38,"column":31}},"7":{"start":{"line":40,"column":4},"end":{"line":47,"column":5}},"8":{"start":{"line":42,"column":22},"end":{"line":42,"column":67}},"9":{"start":{"line":43,"column":6},"end":{"line":46,"column":7}},"10":{"start":{"line":44,"column":8},"end":{"line":44,"column":29}},"11":{"start":{"line":45,"column":8},"end":{"line":45,"column":20}},"12":{"start":{"line":49,"column":4},"end":{"line":49,"column":61}},"13":{"start":{"line":61,"column":27},"end":{"line":66,"column":5}},"14":{"start":{"line":68,"column":4},"end":{"line":70,"column":5}},"15":{"start":{"line":69,"column":6},"end":{"line":69,"column":67}},"16":{"start":{"line":72,"column":27},"end":{"line":72,"column":74}},"17":{"start":{"line":74,"column":19},"end":{"line":92,"column":5}},"18":{"start":{"line":94,"column":17},"end":{"line":94,"column":31}},"19":{"start":{"line":96,"column":4},"end":{"line":96,"column":16}},"20":{"start":{"line":105,"column":19},"end":{"line":113,"column":5}},"21":{"start":{"line":115,"column":4},"end":{"line":115,"column":23}},"22":{"start":{"line":127,"column":20},"end":{"line":136,"column":5}},"23":{"start":{"line":138,"column":17},"end":{"line":138,"column":32}},"24":{"start":{"line":140,"column":4},"end":{"line":140,"column":63}},"25":{"start":{"line":140,"column":15},"end":{"line":140,"column":63}},"26":{"start":{"line":142,"column":4},"end":{"line":142,"column":16}},"27":{"start":{"line":163,"column":4},"end":{"line":165,"column":5}},"28":{"start":{"line":164,"column":6},"end":{"line":164,"column":75}},"29":{"start":{"line":167,"column":32},"end":{"line":173,"column":10}},"30":{"start":{"line":174,"column":27},"end":{"line":174,"column":52}},"31":{"start":{"line":176,"column":21},"end":{"line":183,"column":54}},"32":{"start":{"line":184,"column":19},"end":{"line":184,"column":66}},"33":{"start":{"line":185,"column":17},"end":{"line":185,"column":31}},"34":{"start":{"line":187,"column":4},"end":{"line":187,"column":63}},"35":{"start":{"line":187,"column":15},"end":{"line":187,"column":63}},"36":{"start":{"line":189,"column":4},"end":{"line":189,"column":25}},"37":{"start":{"line":190,"column":4},"end":{"line":190,"column":16}},"38":{"start":{"line":196,"column":17},"end":{"line":202,"column":5}},"39":{"start":{"line":203,"column":17},"end":{"line":203,"column":31}},"40":{"start":{"line":205,"column":4},"end":{"line":205,"column":63}},"41":{"start":{"line":205,"column":15},"end":{"line":205,"column":63}},"42":{"start":{"line":210,"column":21},"end":{"line":213,"column":35}},"43":{"start":{"line":214,"column":16},"end":{"line":214,"column":32}},"44":{"start":{"line":216,"column":4},"end":{"line":216,"column":65}},"45":{"start":{"line":216,"column":14},"end":{"line":216,"column":65}},"46":{"start":{"line":218,"column":22},"end":{"line":221,"column":44}},"47":{"start":{"line":222,"column":17},"end":{"line":222,"column":34}},"48":{"start":{"line":224,"column":4},"end":{"line":224,"column":74}},"49":{"start":{"line":224,"column":15},"end":{"line":224,"column":74}},"50":{"start":{"line":226,"column":4},"end":{"line":229,"column":27}},"51":{"start":{"line":234,"column":0},"end":{"line":234,"column":22}}},"fnMap":{"0":{"name":"(anonymous_0)","decl":{"start":{"line":24,"column":2},"end":{"line":24,"column":3}},"loc":{"start":{"line":24,"column":48},"end":{"line":50,"column":3}},"line":24},"1":{"name":"(anonymous_1)","decl":{"start":{"line":59,"column":2},"end":{"line":59,"column":3}},"loc":{"start":{"line":60,"column":67},"end":{"line":97,"column":3}},"line":60},"2":{"name":"(anonymous_2)","decl":{"start":{"line":104,"column":2},"end":{"line":104,"column":3}},"loc":{"start":{"line":104,"column":25},"end":{"line":116,"column":3}},"line":104},"3":{"name":"(anonymous_3)","decl":{"start":{"line":126,"column":2},"end":{"line":126,"column":3}},"loc":{"start":{"line":126,"column":29},"end":{"line":143,"column":3}},"line":126},"4":{"name":"(anonymous_4)","decl":{"start":{"line":162,"column":2},"end":{"line":162,"column":3}},"loc":{"start":{"line":162,"column":38},"end":{"line":191,"column":3}},"line":162},"5":{"name":"(anonymous_5)","decl":{"start":{"line":195,"column":2},"end":{"line":195,"column":3}},"loc":{"start":{"line":195,"column":32},"end":{"line":206,"column":3}},"line":195},"6":{"name":"(anonymous_6)","decl":{"start":{"line":209,"column":2},"end":{"line":209,"column":3}},"loc":{"start":{"line":209,"column":38},"end":{"line":230,"column":3}},"line":209}},"branchMap":{"0":{"loc":{"start":{"line":40,"column":4},"end":{"line":47,"column":5}},"type":"if","locations":[{"start":{"line":40,"column":4},"end":{"line":47,"column":5}},{"start":{},"end":{}}],"line":40},"1":{"loc":{"start":{"line":43,"column":6},"end":{"line":46,"column":7}},"type":"if","locations":[{"start":{"line":43,"column":6},"end":{"line":46,"column":7}},{"start":{},"end":{}}],"line":43},"2":{"loc":{"start":{"line":68,"column":4},"end":{"line":70,"column":5}},"type":"if","locations":[{"start":{"line":68,"column":4},"end":{"line":70,"column":5}},{"start":{},"end":{}}],"line":68},"3":{"loc":{"start":{"line":140,"column":4},"end":{"line":140,"column":63}},"type":"if","locations":[{"start":{"line":140,"column":4},"end":{"line":140,"column":63}},{"start":{},"end":{}}],"line":140},"4":{"loc":{"start":{"line":163,"column":4},"end":{"line":165,"column":5}},"type":"if","locations":[{"start":{"line":163,"column":4},"end":{"line":165,"column":5}},{"start":{},"end":{}}],"line":163},"5":{"loc":{"start":{"line":187,"column":4},"end":{"line":187,"column":63}},"type":"if","locations":[{"start":{"line":187,"column":4},"end":{"line":187,"column":63}},{"start":{},"end":{}}],"line":187},"6":{"loc":{"start":{"line":205,"column":4},"end":{"line":205,"column":63}},"type":"if","locations":[{"start":{"line":205,"column":4},"end":{"line":205,"column":63}},{"start":{},"end":{}}],"line":205},"7":{"loc":{"start":{"line":216,"column":4},"end":{"line":216,"column":65}},"type":"if","locations":[{"start":{"line":216,"column":4},"end":{"line":216,"column":65}},{"start":{},"end":{}}],"line":216},"8":{"loc":{"start":{"line":224,"column":4},"end":{"line":224,"column":74}},"type":"if","locations":[{"start":{"line":224,"column":4},"end":{"line":224,"column":74}},{"start":{},"end":{}}],"line":224}},"s":{"0":6,"1":6,"2":6,"3":6,"4":6,"5":7,"6":7,"7":7,"8":4,"9":4,"10":3,"11":3,"12":4,"13":19,"14":19,"15":1,"16":18,"17":18,"18":18,"19":18,"20":3,"21":2,"22":4,"23":4,"24":4,"25":2,"26":2,"27":7,"28":2,"29":7,"30":6,"31":6,"32":6,"33":6,"34":6,"35":2,"36":4,"37":4,"38":4,"39":4,"40":4,"41":2,"42":2,"43":2,"44":2,"45":0,"46":2,"47":2,"48":2,"49":1,"50":1,"51":6},"f":{"0":7,"1":19,"2":3,"3":4,"4":7,"5":4,"6":2},"b":{"0":[4,3],"1":[3,1],"2":[1,18],"3":[2,2],"4":[2,5],"5":[2,4],"6":[2,2],"7":[0,2],"8":[1,1]},"_coverageSchema":"1a1c01bbd47fc00a2c39e90264f33305004495a9","hash":"99b0807afd90a6c3ca2b551a1aee637ae571a524"}
,"/Users/Greta/Desktop/express-jobly/routes/_testCommon.js": {"path":"/Users/Greta/Desktop/express-jobly/routes/_testCommon.js","statementMap":{"0":{"start":{"line":3,"column":11},"end":{"line":3,"column":30}},"1":{"start":{"line":4,"column":13},"end":{"line":4,"column":38}},"2":{"start":{"line":5,"column":16},"end":{"line":5,"column":44}},"3":{"start":{"line":6,"column":24},"end":{"line":6,"column":52}},"4":{"start":{"line":7,"column":12},"end":{"line":7,"column":36}},"5":{"start":{"line":8,"column":19},"end":{"line":8,"column":21}},"6":{"start":{"line":12,"column":2},"end":{"line":12,"column":38}},"7":{"start":{"line":14,"column":2},"end":{"line":14,"column":42}},"8":{"start":{"line":16,"column":2},"end":{"line":23,"column":9}},"9":{"start":{"line":24,"column":2},"end":{"line":31,"column":9}},"10":{"start":{"line":32,"column":2},"end":{"line":39,"column":9}},"11":{"start":{"line":41,"column":4},"end":{"line":42,"column":79}},"12":{"start":{"line":43,"column":4},"end":{"line":44,"column":79}},"13":{"start":{"line":45,"column":4},"end":{"line":46,"column":78}},"14":{"start":{"line":48,"column":2},"end":{"line":55,"column":5}},"15":{"start":{"line":56,"column":2},"end":{"line":63,"column":5}},"16":{"start":{"line":64,"column":2},"end":{"line":71,"column":5}},"17":{"start":{"line":75,"column":2},"end":{"line":75,"column":26}},"18":{"start":{"line":79,"column":2},"end":{"line":79,"column":29}},"19":{"start":{"line":83,"column":2},"end":{"line":83,"column":17}},"20":{"start":{"line":87,"column":16},"end":{"line":87,"column":63}},"21":{"start":{"line":88,"column":16},"end":{"line":88,"column":63}},"22":{"start":{"line":89,"column":19},"end":{"line":89,"column":68}},"23":{"start":{"line":92,"column":0},"end":{"line":102,"column":2}}},"fnMap":{"0":{"name":"commonBeforeAll","decl":{"start":{"line":10,"column":15},"end":{"line":10,"column":30}},"loc":{"start":{"line":10,"column":33},"end":{"line":72,"column":1}},"line":10},"1":{"name":"commonBeforeEach","decl":{"start":{"line":74,"column":15},"end":{"line":74,"column":31}},"loc":{"start":{"line":74,"column":34},"end":{"line":76,"column":1}},"line":74},"2":{"name":"commonAfterEach","decl":{"start":{"line":78,"column":15},"end":{"line":78,"column":30}},"loc":{"start":{"line":78,"column":33},"end":{"line":80,"column":1}},"line":78},"3":{"name":"commonAfterAll","decl":{"start":{"line":82,"column":15},"end":{"line":82,"column":29}},"loc":{"start":{"line":82,"column":32},"end":{"line":84,"column":1}},"line":82}},"branchMap":{},"s":{"0":4,"1":4,"2":4,"3":4,"4":4,"5":4,"6":4,"7":4,"8":4,"9":4,"10":4,"11":4,"12":4,"13":4,"14":4,"15":4,"16":4,"17":63,"18":63,"19":4,"20":4,"21":4,"22":4,"23":4},"f":{"0":4,"1":63,"2":63,"3":4},"b":{},"_coverageSchema":"1a1c01bbd47fc00a2c39e90264f33305004495a9","hash":"51dff5ff98a7e1c484cc6bf721f115e43f648498"}
,"/Users/Greta/Desktop/express-jobly/routes/auth.js": {"path":"/Users/Greta/Desktop/express-jobly/routes/auth.js","statementMap":{"0":{"start":{"line":5,"column":19},"end":{"line":5,"column":40}},"1":{"start":{"line":7,"column":13},"end":{"line":7,"column":38}},"2":{"start":{"line":8,"column":16},"end":{"line":8,"column":34}},"3":{"start":{"line":9,"column":15},"end":{"line":9,"column":35}},"4":{"start":{"line":10,"column":24},"end":{"line":10,"column":52}},"5":{"start":{"line":11,"column":23},"end":{"line":11,"column":58}},"6":{"start":{"line":12,"column":27},"end":{"line":12,"column":66}},"7":{"start":{"line":13,"column":28},"end":{"line":13,"column":54}},"8":{"start":{"line":22,"column":0},"end":{"line":37,"column":3}},"9":{"start":{"line":23,"column":2},"end":{"line":36,"column":3}},"10":{"start":{"line":24,"column":22},"end":{"line":24,"column":67}},"11":{"start":{"line":25,"column":4},"end":{"line":28,"column":5}},"12":{"start":{"line":26,"column":19},"end":{"line":26,"column":53}},"13":{"start":{"line":26,"column":45},"end":{"line":26,"column":52}},"14":{"start":{"line":27,"column":6},"end":{"line":27,"column":38}},"15":{"start":{"line":30,"column":35},"end":{"line":30,"column":43}},"16":{"start":{"line":31,"column":17},"end":{"line":31,"column":60}},"17":{"start":{"line":32,"column":18},"end":{"line":32,"column":35}},"18":{"start":{"line":33,"column":4},"end":{"line":33,"column":31}},"19":{"start":{"line":35,"column":4},"end":{"line":35,"column":21}},"20":{"start":{"line":49,"column":0},"end":{"line":63,"column":3}},"21":{"start":{"line":50,"column":2},"end":{"line":62,"column":3}},"22":{"start":{"line":51,"column":22},"end":{"line":51,"column":71}},"23":{"start":{"line":52,"column":4},"end":{"line":55,"column":5}},"24":{"start":{"line":53,"column":19},"end":{"line":53,"column":53}},"25":{"start":{"line":53,"column":45},"end":{"line":53,"column":52}},"26":{"start":{"line":54,"column":6},"end":{"line":54,"column":38}},"27":{"start":{"line":57,"column":20},"end":{"line":57,"column":72}},"28":{"start":{"line":58,"column":18},"end":{"line":58,"column":38}},"29":{"start":{"line":59,"column":4},"end":{"line":59,"column":43}},"30":{"start":{"line":61,"column":4},"end":{"line":61,"column":21}},"31":{"start":{"line":66,"column":0},"end":{"line":66,"column":24}}},"fnMap":{"0":{"name":"(anonymous_0)","decl":{"start":{"line":22,"column":22},"end":{"line":22,"column":23}},"loc":{"start":{"line":22,"column":54},"end":{"line":37,"column":1}},"line":22},"1":{"name":"(anonymous_1)","decl":{"start":{"line":26,"column":40},"end":{"line":26,"column":41}},"loc":{"start":{"line":26,"column":45},"end":{"line":26,"column":52}},"line":26},"2":{"name":"(anonymous_2)","decl":{"start":{"line":49,"column":25},"end":{"line":49,"column":26}},"loc":{"start":{"line":49,"column":57},"end":{"line":63,"column":1}},"line":49},"3":{"name":"(anonymous_3)","decl":{"start":{"line":53,"column":40},"end":{"line":53,"column":41}},"loc":{"start":{"line":53,"column":45},"end":{"line":53,"column":52}},"line":53}},"branchMap":{"0":{"loc":{"start":{"line":25,"column":4},"end":{"line":28,"column":5}},"type":"if","locations":[{"start":{"line":25,"column":4},"end":{"line":28,"column":5}},{"start":{},"end":{}}],"line":25},"1":{"loc":{"start":{"line":52,"column":4},"end":{"line":55,"column":5}},"type":"if","locations":[{"start":{"line":52,"column":4},"end":{"line":55,"column":5}},{"start":{},"end":{}}],"line":52}},"s":{"0":5,"1":5,"2":5,"3":5,"4":5,"5":5,"6":5,"7":5,"8":5,"9":5,"10":5,"11":5,"12":2,"13":2,"14":2,"15":3,"16":3,"17":1,"18":1,"19":4,"20":5,"21":3,"22":3,"23":3,"24":2,"25":5,"26":2,"27":1,"28":1,"29":1,"30":2,"31":5},"f":{"0":5,"1":2,"2":3,"3":5},"b":{"0":[2,3],"1":[2,1]},"_coverageSchema":"1a1c01bbd47fc00a2c39e90264f33305004495a9","hash":"fabf51c0d8097308d46c3b073fe59cd7af5dd495"}
,"/Users/Greta/Desktop/express-jobly/routes/companies.js": {"path":"/Users/Greta/Desktop/express-jobly/routes/companies.js","statementMap":{"0":{"start":{"line":5,"column":19},"end":{"line":5,"column":40}},"1":{"start":{"line":6,"column":16},"end":{"line":6,"column":34}},"2":{"start":{"line":8,"column":28},"end":{"line":8,"column":54}},"3":{"start":{"line":9,"column":27},"end":{"line":9,"column":56}},"4":{"start":{"line":10,"column":22},"end":{"line":10,"column":51}},"5":{"start":{"line":11,"column":16},"end":{"line":11,"column":44}},"6":{"start":{"line":13,"column":25},"end":{"line":13,"column":62}},"7":{"start":{"line":14,"column":28},"end":{"line":14,"column":68}},"8":{"start":{"line":15,"column":28},"end":{"line":15,"column":68}},"9":{"start":{"line":17,"column":15},"end":{"line":17,"column":35}},"10":{"start":{"line":29,"column":0},"end":{"line":42,"column":3}},"11":{"start":{"line":30,"column":2},"end":{"line":41,"column":3}},"12":{"start":{"line":31,"column":22},"end":{"line":31,"column":69}},"13":{"start":{"line":32,"column":4},"end":{"line":35,"column":5}},"14":{"start":{"line":33,"column":19},"end":{"line":33,"column":53}},"15":{"start":{"line":33,"column":45},"end":{"line":33,"column":52}},"16":{"start":{"line":34,"column":6},"end":{"line":34,"column":38}},"17":{"start":{"line":37,"column":20},"end":{"line":37,"column":50}},"18":{"start":{"line":38,"column":4},"end":{"line":38,"column":45}},"19":{"start":{"line":40,"column":4},"end":{"line":40,"column":21}},"20":{"start":{"line":55,"column":0},"end":{"line":75,"column":3}},"21":{"start":{"line":56,"column":16},"end":{"line":56,"column":25}},"22":{"start":{"line":59,"column":2},"end":{"line":59,"column":81}},"23":{"start":{"line":59,"column":40},"end":{"line":59,"column":81}},"24":{"start":{"line":60,"column":2},"end":{"line":60,"column":81}},"25":{"start":{"line":60,"column":40},"end":{"line":60,"column":81}},"26":{"start":{"line":62,"column":2},"end":{"line":74,"column":3}},"27":{"start":{"line":64,"column":21},"end":{"line":64,"column":68}},"28":{"start":{"line":65,"column":4},"end":{"line":68,"column":5}},"29":{"start":{"line":66,"column":20},"end":{"line":66,"column":53}},"30":{"start":{"line":66,"column":45},"end":{"line":66,"column":52}},"31":{"start":{"line":67,"column":6},"end":{"line":67,"column":39}},"32":{"start":{"line":70,"column":22},"end":{"line":70,"column":50}},"33":{"start":{"line":71,"column":4},"end":{"line":71,"column":35}},"34":{"start":{"line":73,"column":4},"end":{"line":73,"column":21}},"35":{"start":{"line":85,"column":0},"end":{"line":92,"column":3}},"36":{"start":{"line":86,"column":2},"end":{"line":91,"column":3}},"37":{"start":{"line":87,"column":20},"end":{"line":87,"column":56}},"38":{"start":{"line":88,"column":4},"end":{"line":88,"column":33}},"39":{"start":{"line":90,"column":4},"end":{"line":90,"column":21}},"40":{"start":{"line":105,"column":0},"end":{"line":118,"column":3}},"41":{"start":{"line":106,"column":2},"end":{"line":117,"column":3}},"42":{"start":{"line":107,"column":22},"end":{"line":107,"column":72}},"43":{"start":{"line":108,"column":4},"end":{"line":111,"column":5}},"44":{"start":{"line":109,"column":19},"end":{"line":109,"column":53}},"45":{"start":{"line":109,"column":45},"end":{"line":109,"column":52}},"46":{"start":{"line":110,"column":6},"end":{"line":110,"column":38}},"47":{"start":{"line":113,"column":20},"end":{"line":113,"column":69}},"48":{"start":{"line":114,"column":4},"end":{"line":114,"column":33}},"49":{"start":{"line":116,"column":4},"end":{"line":116,"column":21}},"50":{"start":{"line":125,"column":0},"end":{"line":132,"column":3}},"51":{"start":{"line":126,"column":2},"end":{"line":131,"column":3}},"52":{"start":{"line":127,"column":4},"end":{"line":127,"column":44}},"53":{"start":{"line":128,"column":4},"end":{"line":128,"column":52}},"54":{"start":{"line":130,"column":4},"end":{"line":130,"column":21}},"55":{"start":{"line":135,"column":0},"end":{"line":135,"column":24}}},"fnMap":{"0":{"name":"(anonymous_0)","decl":{"start":{"line":29,"column":28},"end":{"line":29,"column":29}},"loc":{"start":{"line":29,"column":60},"end":{"line":42,"column":1}},"line":29},"1":{"name":"(anonymous_1)","decl":{"start":{"line":33,"column":40},"end":{"line":33,"column":41}},"loc":{"start":{"line":33,"column":45},"end":{"line":33,"column":52}},"line":33},"2":{"name":"(anonymous_2)","decl":{"start":{"line":55,"column":16},"end":{"line":55,"column":17}},"loc":{"start":{"line":55,"column":48},"end":{"line":75,"column":1}},"line":55},"3":{"name":"(anonymous_3)","decl":{"start":{"line":66,"column":40},"end":{"line":66,"column":41}},"loc":{"start":{"line":66,"column":45},"end":{"line":66,"column":52}},"line":66},"4":{"name":"(anonymous_4)","decl":{"start":{"line":85,"column":23},"end":{"line":85,"column":24}},"loc":{"start":{"line":85,"column":55},"end":{"line":92,"column":1}},"line":85},"5":{"name":"(anonymous_5)","decl":{"start":{"line":105,"column":36},"end":{"line":105,"column":37}},"loc":{"start":{"line":105,"column":68},"end":{"line":118,"column":1}},"line":105},"6":{"name":"(anonymous_6)","decl":{"start":{"line":109,"column":40},"end":{"line":109,"column":41}},"loc":{"start":{"line":109,"column":45},"end":{"line":109,"column":52}},"line":109},"7":{"name":"(anonymous_7)","decl":{"start":{"line":125,"column":37},"end":{"line":125,"column":38}},"loc":{"start":{"line":125,"column":69},"end":{"line":132,"column":1}},"line":125}},"branchMap":{"0":{"loc":{"start":{"line":32,"column":4},"end":{"line":35,"column":5}},"type":"if","locations":[{"start":{"line":32,"column":4},"end":{"line":35,"column":5}},{"start":{},"end":{}}],"line":32},"1":{"loc":{"start":{"line":59,"column":2},"end":{"line":59,"column":81}},"type":"if","locations":[{"start":{"line":59,"column":2},"end":{"line":59,"column":81}},{"start":{},"end":{}}],"line":59},"2":{"loc":{"start":{"line":60,"column":2},"end":{"line":60,"column":81}},"type":"if","locations":[{"start":{"line":60,"column":2},"end":{"line":60,"column":81}},{"start":{},"end":{}}],"line":60},"3":{"loc":{"start":{"line":65,"column":4},"end":{"line":68,"column":5}},"type":"if","locations":[{"start":{"line":65,"column":4},"end":{"line":68,"column":5}},{"start":{},"end":{}}],"line":65},"4":{"loc":{"start":{"line":108,"column":4},"end":{"line":111,"column":5}},"type":"if","locations":[{"start":{"line":108,"column":4},"end":{"line":111,"column":5}},{"start":{},"end":{}}],"line":108}},"s":{"0":5,"1":5,"2":5,"3":5,"4":5,"5":5,"6":5,"7":5,"8":5,"9":5,"10":5,"11":3,"12":3,"13":3,"14":2,"15":3,"16":2,"17":1,"18":1,"19":2,"20":5,"21":5,"22":5,"23":1,"24":5,"25":3,"26":5,"27":5,"28":5,"29":1,"30":1,"31":1,"32":4,"33":3,"34":2,"35":5,"36":3,"37":3,"38":2,"39":1,"40":5,"41":4,"42":4,"43":4,"44":2,"45":2,"46":2,"47":2,"48":1,"49":3,"50":5,"51":2,"52":2,"53":1,"54":1,"55":5},"f":{"0":3,"1":3,"2":5,"3":1,"4":3,"5":4,"6":2,"7":2},"b":{"0":[2,1],"1":[1,4],"2":[3,2],"3":[1,4],"4":[2,2]},"_coverageSchema":"1a1c01bbd47fc00a2c39e90264f33305004495a9","hash":"c939e9f412441642f65c011a7fe2899be5112808"}
,"/Users/Greta/Desktop/express-jobly/routes/jobs.js": {"path":"/Users/Greta/Desktop/express-jobly/routes/jobs.js","statementMap":{"0":{"start":{"line":5,"column":19},"end":{"line":5,"column":40}},"1":{"start":{"line":7,"column":16},"end":{"line":7,"column":34}},"2":{"start":{"line":8,"column":28},"end":{"line":8,"column":54}},"3":{"start":{"line":9,"column":22},"end":{"line":9,"column":51}},"4":{"start":{"line":10,"column":12},"end":{"line":10,"column":36}},"5":{"start":{"line":11,"column":21},"end":{"line":11,"column":54}},"6":{"start":{"line":12,"column":24},"end":{"line":12,"column":60}},"7":{"start":{"line":13,"column":24},"end":{"line":13,"column":60}},"8":{"start":{"line":15,"column":15},"end":{"line":15,"column":52}},"9":{"start":{"line":19,"column":0},"end":{"line":32,"column":3}},"10":{"start":{"line":20,"column":2},"end":{"line":31,"column":3}},"11":{"start":{"line":21,"column":21},"end":{"line":21,"column":64}},"12":{"start":{"line":22,"column":4},"end":{"line":25,"column":5}},"13":{"start":{"line":23,"column":19},"end":{"line":23,"column":52}},"14":{"start":{"line":23,"column":44},"end":{"line":23,"column":51}},"15":{"start":{"line":24,"column":6},"end":{"line":24,"column":38}},"16":{"start":{"line":27,"column":16},"end":{"line":27,"column":42}},"17":{"start":{"line":28,"column":4},"end":{"line":28,"column":41}},"18":{"start":{"line":30,"column":4},"end":{"line":30,"column":21}},"19":{"start":{"line":36,"column":0},"end":{"line":54,"column":3}},"20":{"start":{"line":37,"column":16},"end":{"line":37,"column":25}},"21":{"start":{"line":39,"column":2},"end":{"line":39,"column":72}},"22":{"start":{"line":39,"column":37},"end":{"line":39,"column":72}},"23":{"start":{"line":40,"column":2},"end":{"line":40,"column":47}},"24":{"start":{"line":42,"column":2},"end":{"line":53,"column":3}},"25":{"start":{"line":43,"column":21},"end":{"line":43,"column":64}},"26":{"start":{"line":44,"column":4},"end":{"line":47,"column":5}},"27":{"start":{"line":45,"column":20},"end":{"line":45,"column":53}},"28":{"start":{"line":45,"column":45},"end":{"line":45,"column":52}},"29":{"start":{"line":46,"column":6},"end":{"line":46,"column":39}},"30":{"start":{"line":49,"column":17},"end":{"line":49,"column":41}},"31":{"start":{"line":50,"column":4},"end":{"line":50,"column":30}},"32":{"start":{"line":52,"column":4},"end":{"line":52,"column":21}},"33":{"start":{"line":56,"column":0},"end":{"line":63,"column":3}},"34":{"start":{"line":57,"column":2},"end":{"line":62,"column":3}},"35":{"start":{"line":58,"column":16},"end":{"line":58,"column":44}},"36":{"start":{"line":59,"column":4},"end":{"line":59,"column":29}},"37":{"start":{"line":61,"column":4},"end":{"line":61,"column":21}},"38":{"start":{"line":67,"column":0},"end":{"line":80,"column":3}},"39":{"start":{"line":68,"column":2},"end":{"line":79,"column":3}},"40":{"start":{"line":69,"column":21},"end":{"line":69,"column":67}},"41":{"start":{"line":70,"column":4},"end":{"line":73,"column":5}},"42":{"start":{"line":71,"column":20},"end":{"line":71,"column":53}},"43":{"start":{"line":71,"column":45},"end":{"line":71,"column":52}},"44":{"start":{"line":72,"column":6},"end":{"line":72,"column":39}},"45":{"start":{"line":75,"column":16},"end":{"line":75,"column":57}},"46":{"start":{"line":76,"column":4},"end":{"line":76,"column":29}},"47":{"start":{"line":78,"column":4},"end":{"line":78,"column":21}},"48":{"start":{"line":83,"column":0},"end":{"line":90,"column":3}},"49":{"start":{"line":84,"column":2},"end":{"line":89,"column":3}},"50":{"start":{"line":85,"column":4},"end":{"line":85,"column":36}},"51":{"start":{"line":86,"column":4},"end":{"line":86,"column":49}},"52":{"start":{"line":88,"column":4},"end":{"line":88,"column":21}},"53":{"start":{"line":93,"column":0},"end":{"line":93,"column":24}}},"fnMap":{"0":{"name":"(anonymous_0)","decl":{"start":{"line":19,"column":28},"end":{"line":19,"column":29}},"loc":{"start":{"line":19,"column":60},"end":{"line":32,"column":1}},"line":19},"1":{"name":"(anonymous_1)","decl":{"start":{"line":23,"column":39},"end":{"line":23,"column":40}},"loc":{"start":{"line":23,"column":44},"end":{"line":23,"column":51}},"line":23},"2":{"name":"(anonymous_2)","decl":{"start":{"line":36,"column":16},"end":{"line":36,"column":17}},"loc":{"start":{"line":36,"column":48},"end":{"line":54,"column":1}},"line":36},"3":{"name":"(anonymous_3)","decl":{"start":{"line":45,"column":40},"end":{"line":45,"column":41}},"loc":{"start":{"line":45,"column":45},"end":{"line":45,"column":52}},"line":45},"4":{"name":"(anonymous_4)","decl":{"start":{"line":56,"column":19},"end":{"line":56,"column":20}},"loc":{"start":{"line":56,"column":51},"end":{"line":63,"column":1}},"line":56},"5":{"name":"(anonymous_5)","decl":{"start":{"line":67,"column":32},"end":{"line":67,"column":33}},"loc":{"start":{"line":67,"column":64},"end":{"line":80,"column":1}},"line":67},"6":{"name":"(anonymous_6)","decl":{"start":{"line":71,"column":40},"end":{"line":71,"column":41}},"loc":{"start":{"line":71,"column":45},"end":{"line":71,"column":52}},"line":71},"7":{"name":"(anonymous_7)","decl":{"start":{"line":83,"column":33},"end":{"line":83,"column":34}},"loc":{"start":{"line":83,"column":65},"end":{"line":90,"column":1}},"line":83}},"branchMap":{"0":{"loc":{"start":{"line":22,"column":4},"end":{"line":25,"column":5}},"type":"if","locations":[{"start":{"line":22,"column":4},"end":{"line":25,"column":5}},{"start":{},"end":{}}],"line":22},"1":{"loc":{"start":{"line":39,"column":2},"end":{"line":39,"column":72}},"type":"if","locations":[{"start":{"line":39,"column":2},"end":{"line":39,"column":72}},{"start":{},"end":{}}],"line":39},"2":{"loc":{"start":{"line":44,"column":4},"end":{"line":47,"column":5}},"type":"if","locations":[{"start":{"line":44,"column":4},"end":{"line":47,"column":5}},{"start":{},"end":{}}],"line":44},"3":{"loc":{"start":{"line":70,"column":4},"end":{"line":73,"column":5}},"type":"if","locations":[{"start":{"line":70,"column":4},"end":{"line":73,"column":5}},{"start":{},"end":{}}],"line":70}},"s":{"0":5,"1":5,"2":5,"3":5,"4":5,"5":5,"6":5,"7":5,"8":5,"9":5,"10":1,"11":1,"12":1,"13":0,"14":0,"15":0,"16":1,"17":1,"18":0,"19":5,"20":3,"21":3,"22":1,"23":3,"24":3,"25":3,"26":3,"27":0,"28":0,"29":0,"30":3,"31":3,"32":0,"33":5,"34":2,"35":2,"36":1,"37":1,"38":5,"39":2,"40":2,"41":2,"42":1,"43":2,"44":1,"45":1,"46":1,"47":1,"48":5,"49":1,"50":1,"51":1,"52":0,"53":5},"f":{"0":1,"1":0,"2":3,"3":0,"4":2,"5":2,"6":2,"7":1},"b":{"0":[0,1],"1":[1,2],"2":[0,3],"3":[1,1]},"_coverageSchema":"1a1c01bbd47fc00a2c39e90264f33305004495a9","hash":"d59dc8b2c4fd6931fdf7bd210804ea7d14cfc7f1"}
,"/Users/Greta/Desktop/express-jobly/routes/users.js": {"path":"/Users/Greta/Desktop/express-jobly/routes/users.js","statementMap":{"0":{"start":{"line":5,"column":19},"end":{"line":5,"column":40}},"1":{"start":{"line":7,"column":16},"end":{"line":7,"column":34}},"2":{"start":{"line":8,"column":59},"end":{"line":8,"column":88}},"3":{"start":{"line":9,"column":28},"end":{"line":9,"column":54}},"4":{"start":{"line":10,"column":13},"end":{"line":10,"column":38}},"5":{"start":{"line":11,"column":24},"end":{"line":11,"column":52}},"6":{"start":{"line":12,"column":22},"end":{"line":12,"column":56}},"7":{"start":{"line":13,"column":25},"end":{"line":13,"column":62}},"8":{"start":{"line":15,"column":15},"end":{"line":15,"column":31}},"9":{"start":{"line":30,"column":0},"end":{"line":44,"column":3}},"10":{"start":{"line":31,"column":2},"end":{"line":43,"column":3}},"11":{"start":{"line":32,"column":22},"end":{"line":32,"column":66}},"12":{"start":{"line":33,"column":4},"end":{"line":36,"column":5}},"13":{"start":{"line":34,"column":19},"end":{"line":34,"column":53}},"14":{"start":{"line":34,"column":45},"end":{"line":34,"column":52}},"15":{"start":{"line":35,"column":6},"end":{"line":35,"column":38}},"16":{"start":{"line":38,"column":17},"end":{"line":38,"column":46}},"17":{"start":{"line":39,"column":18},"end":{"line":39,"column":35}},"18":{"start":{"line":40,"column":4},"end":{"line":40,"column":49}},"19":{"start":{"line":42,"column":4},"end":{"line":42,"column":21}},"20":{"start":{"line":54,"column":0},"end":{"line":61,"column":3}},"21":{"start":{"line":55,"column":2},"end":{"line":60,"column":3}},"22":{"start":{"line":56,"column":18},"end":{"line":56,"column":38}},"23":{"start":{"line":57,"column":4},"end":{"line":57,"column":31}},"24":{"start":{"line":59,"column":4},"end":{"line":59,"column":21}},"25":{"start":{"line":71,"column":0},"end":{"line":78,"column":3}},"26":{"start":{"line":72,"column":2},"end":{"line":77,"column":3}},"27":{"start":{"line":73,"column":17},"end":{"line":73,"column":52}},"28":{"start":{"line":74,"column":4},"end":{"line":74,"column":30}},"29":{"start":{"line":76,"column":4},"end":{"line":76,"column":21}},"30":{"start":{"line":91,"column":0},"end":{"line":104,"column":3}},"31":{"start":{"line":92,"column":2},"end":{"line":103,"column":3}},"32":{"start":{"line":93,"column":22},"end":{"line":93,"column":69}},"33":{"start":{"line":94,"column":4},"end":{"line":97,"column":5}},"34":{"start":{"line":95,"column":19},"end":{"line":95,"column":53}},"35":{"start":{"line":95,"column":45},"end":{"line":95,"column":52}},"36":{"start":{"line":96,"column":6},"end":{"line":96,"column":38}},"37":{"start":{"line":99,"column":17},"end":{"line":99,"column":65}},"38":{"start":{"line":100,"column":4},"end":{"line":100,"column":30}},"39":{"start":{"line":102,"column":4},"end":{"line":102,"column":21}},"40":{"start":{"line":112,"column":0},"end":{"line":119,"column":3}},"41":{"start":{"line":113,"column":2},"end":{"line":118,"column":3}},"42":{"start":{"line":114,"column":4},"end":{"line":114,"column":43}},"43":{"start":{"line":115,"column":4},"end":{"line":115,"column":54}},"44":{"start":{"line":117,"column":4},"end":{"line":117,"column":21}},"45":{"start":{"line":121,"column":0},"end":{"line":129,"column":3}},"46":{"start":{"line":122,"column":2},"end":{"line":128,"column":3}},"47":{"start":{"line":123,"column":18},"end":{"line":123,"column":32}},"48":{"start":{"line":124,"column":4},"end":{"line":124,"column":49}},"49":{"start":{"line":125,"column":4},"end":{"line":125,"column":40}},"50":{"start":{"line":127,"column":4},"end":{"line":127,"column":21}},"51":{"start":{"line":132,"column":0},"end":{"line":132,"column":24}}},"fnMap":{"0":{"name":"(anonymous_0)","decl":{"start":{"line":30,"column":28},"end":{"line":30,"column":29}},"loc":{"start":{"line":30,"column":60},"end":{"line":44,"column":1}},"line":30},"1":{"name":"(anonymous_1)","decl":{"start":{"line":34,"column":40},"end":{"line":34,"column":41}},"loc":{"start":{"line":34,"column":45},"end":{"line":34,"column":52}},"line":34},"2":{"name":"(anonymous_2)","decl":{"start":{"line":54,"column":32},"end":{"line":54,"column":33}},"loc":{"start":{"line":54,"column":64},"end":{"line":61,"column":1}},"line":54},"3":{"name":"(anonymous_3)","decl":{"start":{"line":71,"column":41},"end":{"line":71,"column":42}},"loc":{"start":{"line":71,"column":73},"end":{"line":78,"column":1}},"line":71},"4":{"name":"(anonymous_4)","decl":{"start":{"line":91,"column":48},"end":{"line":91,"column":49}},"loc":{"start":{"line":91,"column":80},"end":{"line":104,"column":1}},"line":91},"5":{"name":"(anonymous_5)","decl":{"start":{"line":95,"column":40},"end":{"line":95,"column":41}},"loc":{"start":{"line":95,"column":45},"end":{"line":95,"column":52}},"line":95},"6":{"name":"(anonymous_6)","decl":{"start":{"line":112,"column":49},"end":{"line":112,"column":50}},"loc":{"start":{"line":112,"column":81},"end":{"line":119,"column":1}},"line":112},"7":{"name":"(anonymous_7)","decl":{"start":{"line":121,"column":56},"end":{"line":121,"column":57}},"loc":{"start":{"line":121,"column":88},"end":{"line":129,"column":1}},"line":121}},"branchMap":{"0":{"loc":{"start":{"line":33,"column":4},"end":{"line":36,"column":5}},"type":"if","locations":[{"start":{"line":33,"column":4},"end":{"line":36,"column":5}},{"start":{},"end":{}}],"line":33},"1":{"loc":{"start":{"line":94,"column":4},"end":{"line":97,"column":5}},"type":"if","locations":[{"start":{"line":94,"column":4},"end":{"line":97,"column":5}},{"start":{},"end":{}}],"line":94}},"s":{"0":5,"1":5,"2":5,"3":5,"4":5,"5":5,"6":5,"7":5,"8":5,"9":5,"10":4,"11":4,"12":4,"13":2,"14":5,"15":2,"16":2,"17":2,"18":2,"19":2,"20":5,"21":2,"22":2,"23":1,"24":1,"25":5,"26":2,"27":2,"28":1,"29":1,"30":5,"31":4,"32":4,"33":4,"34":1,"35":1,"36":1,"37":3,"38":2,"39":2,"40":5,"41":2,"42":2,"43":1,"44":1,"45":5,"46":2,"47":2,"48":2,"49":1,"50":1,"51":5},"f":{"0":4,"1":5,"2":2,"3":2,"4":4,"5":1,"6":2,"7":2},"b":{"0":[2,2],"1":[1,3]},"_coverageSchema":"1a1c01bbd47fc00a2c39e90264f33305004495a9","hash":"9112bffe79a396dd132567eba3c4a65a7153bc88"}
}
