TN:
SF:app.js
FN:32,(anonymous_0)
FN:37,(anonymous_1)
FNF:2
FNH:2
FNDA:2,(anonymous_0)
FNDA:40,(anonymous_1)
DA:5,5
DA:6,5
DA:8,5
DA:10,5
DA:11,5
DA:12,5
DA:13,5
DA:14,5
DA:16,5
DA:18,5
DA:20,5
DA:21,5
DA:22,5
DA:23,5
DA:25,5
DA:26,5
DA:27,5
DA:28,5
DA:32,5
DA:33,2
DA:37,5
DA:38,40
DA:39,40
DA:40,40
DA:42,40
DA:47,5
LF:26
LH:26
BRDA:38,0,0,1
BRDA:38,0,1,39
BRDA:39,1,0,40
BRDA:39,1,1,2
BRF:4
BRH:4
end_of_record
TN:
SF:config.js
FN:13,getDatabaseUri
FNF:1
FNH:1
FNDA:22,getDatabaseUri
DA:5,11
DA:6,11
DA:8,11
DA:10,11
DA:14,22
DA:22,11
DA:24,11
DA:25,11
DA:26,11
DA:27,11
DA:28,11
DA:29,11
DA:31,11
LF:13
LH:13
BRDA:8,0,0,11
BRDA:8,0,1,10
BRDA:10,1,0,11
BRDA:10,1,1,10
BRDA:14,2,0,19
BRDA:14,2,1,3
BRDA:16,3,0,3
BRDA:16,3,1,1
BRDA:22,4,0,10
BRDA:22,4,1,1
BRF:10
BRH:10
end_of_record
TN:
SF:db.js
FNF:0
FNH:0
DA:3,8
DA:4,8
DA:8,8
DA:9,0
DA:16,8
DA:21,8
DA:23,8
LF:7
LH:6
BRDA:8,0,0,0
BRDA:8,0,1,8
BRF:2
BRH:1
end_of_record
TN:
SF:expressError.js
FN:8,(anonymous_0)
FN:18,(anonymous_1)
FN:26,(anonymous_2)
FN:34,(anonymous_3)
FN:42,(anonymous_4)
FNF:5
FNH:4
FNDA:55,(anonymous_0)
FNDA:19,(anonymous_1)
FNDA:18,(anonymous_2)
FNDA:18,(anonymous_3)
FNDA:0,(anonymous_4)
DA:9,55
DA:10,55
DA:11,55
DA:19,19
DA:27,18
DA:35,18
DA:43,0
DA:47,10
LF:8
LH:7
BRDA:18,0,0,2
BRDA:26,1,0,14
BRDA:34,2,0,0
BRDA:42,3,0,0
BRF:4
BRH:2
end_of_record
TN:
SF:helpers/sql.js
FN:10,sqlForPartialUpdate
FN:17,(anonymous_1)
FNF:2
FNH:2
FNDA:19,sqlForPartialUpdate
FNDA:31,(anonymous_1)
DA:1,9
DA:11,19
DA:13,19
DA:17,16
DA:18,31
DA:20,16
DA:26,9
LF:7
LH:7
BRDA:13,0,0,3
BRDA:13,0,1,16
BRDA:18,1,0,31
BRDA:18,1,1,17
BRF:4
BRH:4
end_of_record
TN:
SF:helpers/tokens.js
FN:6,createToken
FNF:1
FNH:1
FNDA:19,createToken
DA:1,6
DA:2,6
DA:7,19
DA:10,19
DA:15,19
DA:18,6
LF:6
LH:6
BRDA:12,0,0,19
BRDA:12,0,1,13
BRF:2
BRH:2
end_of_record
TN:
SF:middleware/auth.js
FN:18,authenticateJWT
FN:38,ensureLoggedIn
FN:52,adminOnly
FN:64,specificUserOrAdmin
FNF:4
FNH:4
FNDA:68,authenticateJWT
FNDA:8,ensureLoggedIn
FNDA:26,adminOnly
FNDA:10,specificUserOrAdmin
DA:5,6
DA:6,6
DA:7,6
DA:19,68
DA:20,68
DA:21,68
DA:22,68
DA:23,68
DA:24,38
DA:25,38
DA:27,67
DA:29,1
DA:39,8
DA:40,8
DA:41,8
DA:42,8
DA:43,8
DA:44,5
DA:46,3
DA:53,26
DA:54,26
DA:55,9
DA:57,17
DA:59,9
DA:65,10
DA:66,10
DA:67,10
DA:68,2
DA:70,8
DA:72,2
DA:77,6
LF:31
LH:31
BRDA:20,0,0,68
BRDA:20,0,1,67
BRDA:23,1,0,38
BRDA:23,1,1,30
BRDA:43,2,0,3
BRDA:43,2,1,5
BRDA:54,3,0,9
BRDA:54,3,1,17
BRDA:54,4,0,26
BRDA:54,4,1,23
BRDA:67,5,0,2
BRDA:67,5,1,8
BRDA:67,6,0,10
BRDA:67,6,1,8
BRDA:67,6,2,5
BRF:15
BRH:15
end_of_record
TN:
SF:models/_testCommon.js
FN:7,commonBeforeAll
FN:39,(anonymous_1)
FN:42,commonBeforeEach
FN:46,commonAfterEach
FN:50,commonAfterAll
FNF:5
FNH:5
FNDA:3,commonBeforeAll
FNDA:9,(anonymous_1)
FNDA:39,commonBeforeEach
FNDA:39,commonAfterEach
FNDA:3,commonAfterAll
DA:1,3
DA:3,3
DA:4,3
DA:5,3
DA:9,3
DA:11,3
DA:13,3
DA:19,3
DA:33,3
DA:39,9
DA:43,39
DA:47,39
DA:51,3
DA:55,3
LF:14
LH:14
BRF:0
BRH:0
end_of_record
TN:
SF:models/company.js
FN:19,(anonymous_0)
FN:52,(anonymous_1)
FN:105,(anonymous_2)
FN:135,(anonymous_3)
FN:165,(anonymous_4)
FNF:5
FNH:5
FNDA:16,(anonymous_0)
FNDA:5,(anonymous_1)
FNDA:5,(anonymous_2)
FNDA:6,(anonymous_3)
FNDA:4,(anonymous_4)
DA:3,6
DA:4,6
DA:5,6
DA:20,16
DA:26,16
DA:27,1
DA:29,15
DA:42,15
DA:44,15
DA:53,5
DA:59,5
DA:60,5
DA:62,5
DA:64,5
DA:65,0
DA:71,5
DA:72,2
DA:73,2
DA:76,5
DA:77,1
DA:78,1
DA:81,5
DA:82,1
DA:83,1
DA:86,5
DA:87,2
DA:92,5
DA:93,5
DA:94,4
DA:106,5
DA:116,5
DA:118,5
DA:120,3
DA:136,6
DA:142,5
DA:144,5
DA:152,5
DA:153,5
DA:155,5
DA:157,3
DA:166,4
DA:172,4
DA:174,4
DA:179,6
LF:44
LH:43
BRDA:26,0,0,1
BRDA:26,0,1,15
BRDA:52,1,0,1
BRDA:64,2,0,0
BRDA:64,2,1,5
BRDA:71,3,0,2
BRDA:71,3,1,3
BRDA:76,4,0,1
BRDA:76,4,1,4
BRDA:81,5,0,1
BRDA:81,5,1,4
BRDA:86,6,0,2
BRDA:86,6,1,3
BRDA:118,7,0,2
BRDA:118,7,1,3
BRDA:155,8,0,2
BRDA:155,8,1,3
BRDA:174,9,0,2
BRDA:174,9,1,2
BRF:19
BRH:18
end_of_record
TN:
SF:models/job.js
FN:12,(anonymous_0)
FN:31,(anonymous_1)
FN:70,(anonymous_2)
FN:97,(anonymous_3)
FN:116,(anonymous_4)
FNF:5
FNH:5
FNDA:14,(anonymous_0)
FNDA:8,(anonymous_1)
FNDA:4,(anonymous_2)
FNDA:4,(anonymous_3)
FNDA:3,(anonymous_4)
DA:3,6
DA:4,6
DA:5,6
DA:13,14
DA:23,14
DA:25,14
DA:32,8
DA:37,8
DA:38,8
DA:40,8
DA:44,8
DA:45,3
DA:46,3
DA:49,8
DA:50,3
DA:53,8
DA:54,2
DA:55,2
DA:58,8
DA:59,6
DA:64,8
DA:65,8
DA:71,4
DA:77,4
DA:79,4
DA:81,2
DA:88,2
DA:89,2
DA:91,2
DA:98,4
DA:99,3
DA:101,3
DA:106,3
DA:107,3
DA:109,3
DA:111,2
DA:117,3
DA:122,3
DA:124,3
DA:128,6
LF:40
LH:40
BRDA:31,0,0,1
BRDA:44,1,0,3
BRDA:44,1,1,5
BRDA:49,2,0,3
BRDA:49,2,1,5
BRDA:53,3,0,2
BRDA:53,3,1,6
BRDA:58,4,0,6
BRDA:58,4,1,2
BRDA:79,5,0,2
BRDA:79,5,1,2
BRDA:109,6,0,1
BRDA:109,6,1,2
BRDA:124,7,0,1
BRDA:124,7,1,2
BRF:15
BRH:15
end_of_record
TN:
SF:models/user.js
FN:24,(anonymous_0)
FN:59,(anonymous_1)
FN:104,(anonymous_2)
FN:126,(anonymous_3)
FN:162,(anonymous_4)
FN:195,(anonymous_5)
FN:209,(anonymous_6)
FNF:7
FNH:7
FNDA:7,(anonymous_0)
FNDA:19,(anonymous_1)
FNDA:3,(anonymous_2)
FNDA:4,(anonymous_3)
FNDA:7,(anonymous_4)
FNDA:4,(anonymous_5)
FNDA:2,(anonymous_6)
DA:3,6
DA:4,6
DA:5,6
DA:10,6
DA:12,6
DA:26,7
DA:38,7
DA:40,7
DA:42,4
DA:43,4
DA:44,3
DA:45,3
DA:49,4
DA:61,19
DA:68,19
DA:69,1
DA:72,18
DA:74,18
DA:94,18
DA:96,18
DA:105,3
DA:115,2
DA:127,4
DA:138,4
DA:140,4
DA:142,2
DA:163,7
DA:164,2
DA:167,7
DA:174,6
DA:176,6
DA:184,6
DA:185,6
DA:187,6
DA:189,4
DA:190,4
DA:196,4
DA:203,4
DA:205,4
DA:210,2
DA:214,2
DA:216,2
DA:218,2
DA:222,2
DA:224,2
DA:226,1
DA:234,6
LF:47
LH:47
BRDA:40,0,0,4
BRDA:40,0,1,3
BRDA:43,1,0,3
BRDA:43,1,1,1
BRDA:68,2,0,1
BRDA:68,2,1,18
BRDA:140,3,0,2
BRDA:140,3,1,2
BRDA:163,4,0,2
BRDA:163,4,1,5
BRDA:187,5,0,2
BRDA:187,5,1,4
BRDA:205,6,0,2
BRDA:205,6,1,2
BRDA:216,7,0,0
BRDA:216,7,1,2
BRDA:224,8,0,1
BRDA:224,8,1,1
BRF:18
BRH:17
end_of_record
TN:
SF:routes/_testCommon.js
FN:10,commonBeforeAll
FN:74,commonBeforeEach
FN:78,commonAfterEach
FN:82,commonAfterAll
FNF:4
FNH:4
FNDA:4,commonBeforeAll
FNDA:63,commonBeforeEach
FNDA:63,commonAfterEach
FNDA:4,commonAfterAll
DA:3,4
DA:4,4
DA:5,4
DA:6,4
DA:7,4
DA:8,4
DA:12,4
DA:14,4
DA:16,4
DA:24,4
DA:32,4
DA:41,4
DA:43,4
DA:45,4
DA:48,4
DA:56,4
DA:64,4
DA:75,63
DA:79,63
DA:83,4
DA:87,4
DA:88,4
DA:89,4
DA:92,4
LF:24
LH:24
BRF:0
BRH:0
end_of_record
TN:
SF:routes/auth.js
FN:22,(anonymous_0)
FN:26,(anonymous_1)
FN:49,(anonymous_2)
FN:53,(anonymous_3)
FNF:4
FNH:4
FNDA:5,(anonymous_0)
FNDA:2,(anonymous_1)
FNDA:3,(anonymous_2)
FNDA:5,(anonymous_3)
DA:5,5
DA:7,5
DA:8,5
DA:9,5
DA:10,5
DA:11,5
DA:12,5
DA:13,5
DA:22,5
DA:23,5
DA:24,5
DA:25,5
DA:26,2
DA:27,2
DA:30,3
DA:31,3
DA:32,1
DA:33,1
DA:35,4
DA:49,5
DA:50,3
DA:51,3
DA:52,3
DA:53,5
DA:54,2
DA:57,1
DA:58,1
DA:59,1
DA:61,2
DA:66,5
LF:30
LH:30
BRDA:25,0,0,2
BRDA:25,0,1,3
BRDA:52,1,0,2
BRDA:52,1,1,1
BRF:4
BRH:4
end_of_record
TN:
SF:routes/companies.js
FN:29,(anonymous_0)
FN:33,(anonymous_1)
FN:55,(anonymous_2)
FN:66,(anonymous_3)
FN:85,(anonymous_4)
FN:105,(anonymous_5)
FN:109,(anonymous_6)
FN:125,(anonymous_7)
FNF:8
FNH:8
FNDA:3,(anonymous_0)
FNDA:3,(anonymous_1)
FNDA:5,(anonymous_2)
FNDA:1,(anonymous_3)
FNDA:3,(anonymous_4)
FNDA:4,(anonymous_5)
FNDA:2,(anonymous_6)
FNDA:2,(anonymous_7)
DA:5,5
DA:6,5
DA:8,5
DA:9,5
DA:10,5
DA:11,5
DA:13,5
DA:14,5
DA:15,5
DA:17,5
DA:29,5
DA:30,3
DA:31,3
DA:32,3
DA:33,3
DA:34,2
DA:37,1
DA:38,1
DA:40,2
DA:55,5
DA:56,5
DA:59,5
DA:60,5
DA:62,5
DA:64,5
DA:65,5
DA:66,1
DA:67,1
DA:70,4
DA:71,3
DA:73,2
DA:85,5
DA:86,3
DA:87,3
DA:88,2
DA:90,1
DA:105,5
DA:106,4
DA:107,4
DA:108,4
DA:109,2
DA:110,2
DA:113,2
DA:114,1
DA:116,3
DA:125,5
DA:126,2
DA:127,2
DA:128,1
DA:130,1
DA:135,5
LF:51
LH:51
BRDA:32,0,0,2
BRDA:32,0,1,1
BRDA:59,1,0,1
BRDA:59,1,1,4
BRDA:60,2,0,3
BRDA:60,2,1,2
BRDA:65,3,0,1
BRDA:65,3,1,4
BRDA:108,4,0,2
BRDA:108,4,1,2
BRF:10
BRH:10
end_of_record
TN:
SF:routes/jobs.js
FN:19,(anonymous_0)
FN:23,(anonymous_1)
FN:36,(anonymous_2)
FN:45,(anonymous_3)
FN:56,(anonymous_4)
FN:67,(anonymous_5)
FN:71,(anonymous_6)
FN:83,(anonymous_7)
FNF:8
FNH:6
FNDA:1,(anonymous_0)
FNDA:0,(anonymous_1)
FNDA:3,(anonymous_2)
FNDA:0,(anonymous_3)
FNDA:2,(anonymous_4)
FNDA:2,(anonymous_5)
FNDA:2,(anonymous_6)
FNDA:1,(anonymous_7)
DA:5,5
DA:7,5
DA:8,5
DA:9,5
DA:10,5
DA:11,5
DA:12,5
DA:13,5
DA:15,5
DA:19,5
DA:20,1
DA:21,1
DA:22,1
DA:23,0
DA:24,0
DA:27,1
DA:28,1
DA:30,0
DA:36,5
DA:37,3
DA:39,3
DA:40,3
DA:42,3
DA:43,3
DA:44,3
DA:45,0
DA:46,0
DA:49,3
DA:50,3
DA:52,0
DA:56,5
DA:57,2
DA:58,2
DA:59,1
DA:61,1
DA:67,5
DA:68,2
DA:69,2
DA:70,2
DA:71,2
DA:72,1
DA:75,1
DA:76,1
DA:78,1
DA:83,5
DA:84,1
DA:85,1
DA:86,1
DA:88,0
DA:93,5
LF:50
LH:43
BRDA:22,0,0,0
BRDA:22,0,1,1
BRDA:39,1,0,1
BRDA:39,1,1,2
BRDA:44,2,0,0
BRDA:44,2,1,3
BRDA:70,3,0,1
BRDA:70,3,1,1
BRF:8
BRH:6
end_of_record
TN:
SF:routes/users.js
FN:30,(anonymous_0)
FN:34,(anonymous_1)
FN:54,(anonymous_2)
FN:71,(anonymous_3)
FN:91,(anonymous_4)
FN:95,(anonymous_5)
FN:112,(anonymous_6)
FN:121,(anonymous_7)
FNF:8
FNH:8
FNDA:4,(anonymous_0)
FNDA:5,(anonymous_1)
FNDA:2,(anonymous_2)
FNDA:2,(anonymous_3)
FNDA:4,(anonymous_4)
FNDA:1,(anonymous_5)
FNDA:2,(anonymous_6)
FNDA:2,(anonymous_7)
DA:5,5
DA:7,5
DA:8,5
DA:9,5
DA:10,5
DA:11,5
DA:12,5
DA:13,5
DA:15,5
DA:30,5
DA:31,4
DA:32,4
DA:33,4
DA:34,5
DA:35,2
DA:38,2
DA:39,2
DA:40,2
DA:42,2
DA:54,5
DA:55,2
DA:56,2
DA:57,1
DA:59,1
DA:71,5
DA:72,2
DA:73,2
DA:74,1
DA:76,1
DA:91,5
DA:92,4
DA:93,4
DA:94,4
DA:95,1
DA:96,1
DA:99,3
DA:100,2
DA:102,2
DA:112,5
DA:113,2
DA:114,2
DA:115,1
DA:117,1
DA:121,5
DA:122,2
DA:123,2
DA:124,2
DA:125,1
DA:127,1
DA:132,5
LF:50
LH:50
BRDA:33,0,0,2
BRDA:33,0,1,2
BRDA:94,1,0,1
BRDA:94,1,1,3
BRF:4
BRH:4
end_of_record
